<?xml version="1.0" encoding="UTF-8"?>
<testsuite xmlns:xsi="http://www.w3.org/2001/XMLSchema-instance" xsi:noNamespaceSchemaLocation="https://maven.apache.org/surefire/maven-surefire-plugin/xsd/surefire-test-report.xsd" version="3.0.2" name="cathaybk.Midterm.MidtermApplicationTests" time="2.634" tests="1" errors="0" skipped="0" failures="0">
  <properties>
[...]
</properties>
  <testcase name="contextLoads" classname="cathaybk.Midterm.MidtermApplicationTests" time="0.595">
    <system-out><![CDATA[15:23:06.698 [main] INFO org.springframework.test.context.support.AnnotationConfigContextLoaderUtils -- Could not detect default configuration classes for test class [cathaybk.Midterm.MidtermApplicationTests]: MidtermApplicationTests does not declare any static, non-private, non-final, nested classes annotated with @Configuration.
15:23:06.794 [main] INFO org.springframework.boot.test.context.SpringBootTestContextBootstrapper -- Found @SpringBootConfiguration cathaybk.Midterm.MidtermApplication for test class cathaybk.Midterm.MidtermApplicationTests
15:23:06.927 [main] INFO org.springframework.boot.devtools.restart.RestartApplicationListener -- Restart disabled due to context in which it is running

  .   ____          _            __ _ _
 /\\ / ___'_ __ _ _(_)_ __  __ _ \ \ \ \
( ( )\___ | '_ | '_| | '_ \/ _` | \ \ \ \
 \\/  ___)| |_)| | | | | || (_| |  ) ) ) )
  '  |____| .__|_| |_|_| |_\__, | / / / /
 =========|_|==============|___/=/_/_/_/

 :: Spring Boot ::                (v4.0.0)

2025-12-15T15:23:07.130+08:00  INFO 9472 --- [Midterm] [           main] c.Midterm.MidtermApplicationTests        : Starting MidtermApplicationTests using Java 25.0.1 with PID 9472 (started by 639356 in d:\CathayPratice\Mid_Term\Q\Midterm\Midterm)
2025-12-15T15:23:07.132+08:00  INFO 9472 --- [Midterm] [           main] c.Midterm.MidtermApplicationTests        : No active profile set, falling back to 1 default profile: "default"
2025-12-15T15:23:08.125+08:00  INFO 9472 --- [Midterm] [           main] o.s.v.b.OptionalValidatorFactoryBean     : Failed to set up a Bean Validation provider: jakarta.validation.NoProviderFoundException: Unable to create a Configuration, because no Jakarta Validation provider could be found. Add a provider like Hibernate Validator (RI) to your classpath.
2025-12-15T15:23:08.556+08:00  INFO 9472 --- [Midterm] [           main] c.Midterm.MidtermApplicationTests        : Started MidtermApplicationTests in 1.639 seconds (process running for 2.58)
]]></system-out>
    <system-err><![CDATA[Mockito is currently self-attaching to enable the inline-mock-maker. This will no longer work in future releases of the JDK. Please add Mockito as an agent to your build as described in Mockito's documentation: https://javadoc.io/doc/org.mockito/mockito-core/latest/org.mockito/org/mockito/Mockito.html#0.3
WARNING: A Java agent has been loaded dynamically (C:\Users\639356\.m2\repository\net\bytebuddy\byte-buddy-agent\1.17.8\byte-buddy-agent-1.17.8.jar)
WARNING: If a serviceability tool is in use, please run with -XX:+EnableDynamicAgentLoading to hide this warning
WARNING: If a serviceability tool is not in use, please run with -Djdk.instrument.traceUsage for more information
WARNING: Dynamic loading of agents will be disallowed by default in a future release
]]></system-err>
  </testcase>
</testsuite>